d:\users\kelvi\desktop\thecompany\newgame+\proj.win32\debug.win32\appdelegate.obj
d:\users\kelvi\desktop\thecompany\newgame+\proj.win32\debug.win32\helloworldscene.obj
d:\users\kelvi\desktop\thecompany\newgame+\proj.win32\debug.win32\main.obj
d:\users\kelvi\desktop\thecompany\newgame+\proj.win32\debug.win32\baseprojectile.obj
d:\users\kelvi\desktop\thecompany\newgame+\proj.win32\debug.win32\scene2.obj
d:\users\kelvi\desktop\thecompany\newgame+\proj.win32\debug.win32\player.obj
d:\users\kelvi\desktop\thecompany\newgame+\proj.win32\debug.win32\vc141.pdb
d:\users\kelvi\desktop\thecompany\newgame+\proj.win32\debug.win32\scenemanager.obj
d:\users\kelvi\desktop\cocos2d-assignmentframework\thecompany\newgame+\proj.win32\debug.win32\player.obj
d:\users\kelvi\desktop\cocos2d-assignmentframework\thecompany\newgame+\proj.win32\debug.win32\baseprojectile.obj
d:\users\kelvi\desktop\cocos2d-assignmentframework\thecompany\newgame+\proj.win32\debug.win32\main.obj
d:\users\kelvi\desktop\cocos2d-assignmentframework\thecompany\newgame+\proj.win32\debug.win32\scenemanager.obj
d:\users\kelvi\desktop\cocos2d-assignmentframework\thecompany\newgame+\proj.win32\debug.win32\appdelegate.obj
d:\users\kelvi\desktop\cocos2d-assignmentframework\thecompany\newgame+\proj.win32\debug.win32\scene2.obj
d:\users\kelvi\desktop\cocos2d-assignmentframework\thecompany\newgame+\proj.win32\debug.win32\helloworldscene.obj
d:\users\kelvi\desktop\cocos2d-assignmentframework\thecompany\newgame+\proj.win32\debug.win32\vc141.pdb
d:\users\kelvi\desktop\thecompany\newgame+\proj.win32\debug.win32\newgame+.exe
d:\users\kelvi\desktop\thecompany\newgame+\proj.win32\debug.win32\newgame+.ilk
d:\users\kelvi\desktop\thecompany\newgame+\proj.win32\debug.win32\newgame+.pdb
d:\users\kelvi\desktop\cocos2d-assignmentframework\thecompany\newgame+\proj.win32\debug.win32\newgame+.exe
d:\users\kelvi\desktop\cocos2d-assignmentframework\thecompany\newgame+\proj.win32\debug.win32\newgame+.ilk
d:\users\kelvi\desktop\cocos2d-assignmentframework\thecompany\newgame+\proj.win32\debug.win32\newgame+.pdb
d:\users\kelvi\desktop\thecompany\newgame+\proj.win32\debug.win32\newgame+.lib
d:\users\kelvi\desktop\thecompany\newgame+\proj.win32\debug.win32\newgame+.exp
d:\users\kelvi\desktop\thecompany\newgame+\proj.win32\newgame+.cab
d:\users\kelvi\desktop\cocos2d-assignmentframework\thecompany\newgame+\proj.win32\debug.win32\newgame+.lib
d:\users\kelvi\desktop\cocos2d-assignmentframework\thecompany\newgame+\proj.win32\debug.win32\newgame+.exp
d:\users\kelvi\desktop\cocos2d-assignmentframework\thecompany\newgame+\proj.win32\newgame+.cab
d:\users\kelvi\desktop\thecompany\newgame+\proj.win32\debug.win32\game.res
d:\users\kelvi\desktop\cocos2d-assignmentframework\thecompany\newgame+\proj.win32\debug.win32\game.res
d:\users\kelvi\desktop\cocos2d-assignmentframework\thecompany\newgame+\proj.win32\debug.win32\newgame+.vcxprojresolveassemblyreference.cache
d:\users\kelvi\desktop\cocos2d-assignmentframework\thecompany\newgame+\proj.win32\debug.win32\vc140.idb
d:\users\kelvi\desktop\cocos2d-assignmentframework\thecompany\newgame+\proj.win32\debug.win32\vc141.idb
d:\users\kelvi\desktop\cocos2d-assignmentframework\thecompany\newgame+\proj.win32\debug.win32\vc140.pdb
d:\users\kelvi\desktop\cocos2d-assignmentframework\thecompany\newgame+\proj.win32\debug.win32\newgame+.tlog\cl.command.1.tlog
d:\users\kelvi\desktop\cocos2d-assignmentframework\thecompany\newgame+\proj.win32\debug.win32\newgame+.tlog\cl.read.1.tlog
d:\users\kelvi\desktop\cocos2d-assignmentframework\thecompany\newgame+\proj.win32\debug.win32\newgame+.tlog\cl.write.1.tlog
d:\users\kelvi\desktop\cocos2d-assignmentframework\thecompany\newgame+\proj.win32\debug.win32\newgame+.tlog\link.command.1.tlog
d:\users\kelvi\desktop\cocos2d-assignmentframework\thecompany\newgame+\proj.win32\debug.win32\newgame+.tlog\link.read.1.tlog
d:\users\kelvi\desktop\cocos2d-assignmentframework\thecompany\newgame+\proj.win32\debug.win32\newgame+.tlog\link.write.1.tlog
d:\users\kelvi\desktop\cocos2d-assignmentframework\thecompany\newgame+\proj.win32\debug.win32\newgame+.tlog\newgame+.write.1u.tlog
d:\users\kelvi\desktop\cocos2d-assignmentframework\thecompany\newgame+\proj.win32\debug.win32\newgame+.tlog\rc.command.1.tlog
d:\users\kelvi\desktop\cocos2d-assignmentframework\thecompany\newgame+\proj.win32\debug.win32\newgame+.tlog\rc.read.1.tlog
d:\users\kelvi\desktop\cocos2d-assignmentframework\thecompany\newgame+\proj.win32\debug.win32\newgame+.tlog\rc.write.1.tlog
